2025-12-25 19:26:15 DEBUG TestNG:82 - suiteXmlPath: "C:\Automation\MyWorkspace\OpencartV1\master.xml"
2025-12-25 19:26:16 INFO  Utils:112 - [TestNG] Running:
  C:\Automation\MyWorkspace\OpencartV1\master.xml

2025-12-25 19:26:22 DEBUG PackageRelationshipCollection:307 - Parsing relationship: /xl/_rels/workbook.xml.rels
2025-12-25 19:26:22 DEBUG PackageRelationshipCollection:307 - Parsing relationship: /xl/worksheets/_rels/sheet1.xml.rels
2025-12-25 19:26:22 DEBUG PackageRelationshipCollection:307 - Parsing relationship: /_rels/.rels
2025-12-25 19:26:23 DEBUG POIXMLFactory:65 - using default POIXMLDocumentPart for http://schemas.openxmlformats.org/officeDocument/2006/relationships/printerSettings
2025-12-25 19:26:23 DEBUG PackageRelationshipCollection:307 - Parsing relationship: /xl/_rels/workbook.xml.rels
2025-12-25 19:26:23 DEBUG PackageRelationshipCollection:307 - Parsing relationship: /xl/worksheets/_rels/sheet1.xml.rels
2025-12-25 19:26:23 DEBUG PackageRelationshipCollection:307 - Parsing relationship: /_rels/.rels
2025-12-25 19:26:23 DEBUG POIXMLFactory:65 - using default POIXMLDocumentPart for http://schemas.openxmlformats.org/officeDocument/2006/relationships/printerSettings
2025-12-25 19:26:23 DEBUG PackageRelationshipCollection:307 - Parsing relationship: /xl/_rels/workbook.xml.rels
2025-12-25 19:26:23 DEBUG PackageRelationshipCollection:307 - Parsing relationship: /xl/worksheets/_rels/sheet1.xml.rels
2025-12-25 19:26:23 DEBUG PackageRelationshipCollection:307 - Parsing relationship: /_rels/.rels
2025-12-25 19:26:23 DEBUG POIXMLFactory:65 - using default POIXMLDocumentPart for http://schemas.openxmlformats.org/officeDocument/2006/relationships/printerSettings
2025-12-25 19:26:23 DEBUG PackageRelationshipCollection:307 - Parsing relationship: /xl/_rels/workbook.xml.rels
2025-12-25 19:26:23 DEBUG PackageRelationshipCollection:307 - Parsing relationship: /xl/worksheets/_rels/sheet1.xml.rels
2025-12-25 19:26:23 DEBUG PackageRelationshipCollection:307 - Parsing relationship: /_rels/.rels
2025-12-25 19:26:23 DEBUG POIXMLFactory:65 - using default POIXMLDocumentPart for http://schemas.openxmlformats.org/officeDocument/2006/relationships/printerSettings
2025-12-25 19:26:23 DEBUG PackageRelationshipCollection:307 - Parsing relationship: /xl/_rels/workbook.xml.rels
2025-12-25 19:26:23 DEBUG PackageRelationshipCollection:307 - Parsing relationship: /xl/worksheets/_rels/sheet1.xml.rels
2025-12-25 19:26:23 DEBUG PackageRelationshipCollection:307 - Parsing relationship: /_rels/.rels
2025-12-25 19:26:23 DEBUG POIXMLFactory:65 - using default POIXMLDocumentPart for http://schemas.openxmlformats.org/officeDocument/2006/relationships/printerSettings
2025-12-25 19:26:23 DEBUG PackageRelationshipCollection:307 - Parsing relationship: /xl/_rels/workbook.xml.rels
2025-12-25 19:26:23 DEBUG PackageRelationshipCollection:307 - Parsing relationship: /xl/worksheets/_rels/sheet1.xml.rels
2025-12-25 19:26:23 DEBUG PackageRelationshipCollection:307 - Parsing relationship: /_rels/.rels
2025-12-25 19:26:23 DEBUG POIXMLFactory:65 - using default POIXMLDocumentPart for http://schemas.openxmlformats.org/officeDocument/2006/relationships/printerSettings
2025-12-25 19:26:23 DEBUG PackageRelationshipCollection:307 - Parsing relationship: /xl/_rels/workbook.xml.rels
2025-12-25 19:26:23 DEBUG PackageRelationshipCollection:307 - Parsing relationship: /xl/worksheets/_rels/sheet1.xml.rels
2025-12-25 19:26:23 DEBUG PackageRelationshipCollection:307 - Parsing relationship: /_rels/.rels
2025-12-25 19:26:23 DEBUG POIXMLFactory:65 - using default POIXMLDocumentPart for http://schemas.openxmlformats.org/officeDocument/2006/relationships/printerSettings
2025-12-25 19:26:24 DEBUG PackageRelationshipCollection:307 - Parsing relationship: /xl/_rels/workbook.xml.rels
2025-12-25 19:26:24 DEBUG PackageRelationshipCollection:307 - Parsing relationship: /xl/worksheets/_rels/sheet1.xml.rels
2025-12-25 19:26:24 DEBUG PackageRelationshipCollection:307 - Parsing relationship: /_rels/.rels
2025-12-25 19:26:24 DEBUG POIXMLFactory:65 - using default POIXMLDocumentPart for http://schemas.openxmlformats.org/officeDocument/2006/relationships/printerSettings
2025-12-25 19:26:24 DEBUG PackageRelationshipCollection:307 - Parsing relationship: /xl/_rels/workbook.xml.rels
2025-12-25 19:26:24 DEBUG PackageRelationshipCollection:307 - Parsing relationship: /xl/worksheets/_rels/sheet1.xml.rels
2025-12-25 19:26:24 DEBUG PackageRelationshipCollection:307 - Parsing relationship: /_rels/.rels
2025-12-25 19:26:24 DEBUG POIXMLFactory:65 - using default POIXMLDocumentPart for http://schemas.openxmlformats.org/officeDocument/2006/relationships/printerSettings
2025-12-25 19:26:24 DEBUG PackageRelationshipCollection:307 - Parsing relationship: /xl/_rels/workbook.xml.rels
2025-12-25 19:26:24 DEBUG PackageRelationshipCollection:307 - Parsing relationship: /xl/worksheets/_rels/sheet1.xml.rels
2025-12-25 19:26:24 DEBUG PackageRelationshipCollection:307 - Parsing relationship: /_rels/.rels
2025-12-25 19:26:24 DEBUG POIXMLFactory:65 - using default POIXMLDocumentPart for http://schemas.openxmlformats.org/officeDocument/2006/relationships/printerSettings
2025-12-25 19:26:24 DEBUG PackageRelationshipCollection:307 - Parsing relationship: /xl/_rels/workbook.xml.rels
2025-12-25 19:26:24 DEBUG PackageRelationshipCollection:307 - Parsing relationship: /xl/worksheets/_rels/sheet1.xml.rels
2025-12-25 19:26:24 DEBUG PackageRelationshipCollection:307 - Parsing relationship: /_rels/.rels
2025-12-25 19:26:24 DEBUG POIXMLFactory:65 - using default POIXMLDocumentPart for http://schemas.openxmlformats.org/officeDocument/2006/relationships/printerSettings
2025-12-25 19:26:24 DEBUG PackageRelationshipCollection:307 - Parsing relationship: /xl/_rels/workbook.xml.rels
2025-12-25 19:26:24 DEBUG PackageRelationshipCollection:307 - Parsing relationship: /xl/worksheets/_rels/sheet1.xml.rels
2025-12-25 19:26:24 DEBUG PackageRelationshipCollection:307 - Parsing relationship: /_rels/.rels
2025-12-25 19:26:24 DEBUG POIXMLFactory:65 - using default POIXMLDocumentPart for http://schemas.openxmlformats.org/officeDocument/2006/relationships/printerSettings
2025-12-25 19:26:24 DEBUG PackageRelationshipCollection:307 - Parsing relationship: /xl/_rels/workbook.xml.rels
2025-12-25 19:26:24 DEBUG PackageRelationshipCollection:307 - Parsing relationship: /xl/worksheets/_rels/sheet1.xml.rels
2025-12-25 19:26:24 DEBUG PackageRelationshipCollection:307 - Parsing relationship: /_rels/.rels
2025-12-25 19:26:24 DEBUG POIXMLFactory:65 - using default POIXMLDocumentPart for http://schemas.openxmlformats.org/officeDocument/2006/relationships/printerSettings
2025-12-25 19:26:24 DEBUG PackageRelationshipCollection:307 - Parsing relationship: /xl/_rels/workbook.xml.rels
2025-12-25 19:26:24 DEBUG PackageRelationshipCollection:307 - Parsing relationship: /xl/worksheets/_rels/sheet1.xml.rels
2025-12-25 19:26:24 DEBUG PackageRelationshipCollection:307 - Parsing relationship: /_rels/.rels
2025-12-25 19:26:24 DEBUG POIXMLFactory:65 - using default POIXMLDocumentPart for http://schemas.openxmlformats.org/officeDocument/2006/relationships/printerSettings
2025-12-25 19:26:24 DEBUG PackageRelationshipCollection:307 - Parsing relationship: /xl/_rels/workbook.xml.rels
2025-12-25 19:26:24 DEBUG PackageRelationshipCollection:307 - Parsing relationship: /xl/worksheets/_rels/sheet1.xml.rels
2025-12-25 19:26:24 DEBUG PackageRelationshipCollection:307 - Parsing relationship: /_rels/.rels
2025-12-25 19:26:24 DEBUG POIXMLFactory:65 - using default POIXMLDocumentPart for http://schemas.openxmlformats.org/officeDocument/2006/relationships/printerSettings
2025-12-25 19:26:24 DEBUG PackageRelationshipCollection:307 - Parsing relationship: /xl/_rels/workbook.xml.rels
2025-12-25 19:26:24 DEBUG PackageRelationshipCollection:307 - Parsing relationship: /xl/worksheets/_rels/sheet1.xml.rels
2025-12-25 19:26:24 DEBUG PackageRelationshipCollection:307 - Parsing relationship: /_rels/.rels
2025-12-25 19:26:24 DEBUG POIXMLFactory:65 - using default POIXMLDocumentPart for http://schemas.openxmlformats.org/officeDocument/2006/relationships/printerSettings
2025-12-25 19:26:24 DEBUG PackageRelationshipCollection:307 - Parsing relationship: /xl/_rels/workbook.xml.rels
2025-12-25 19:26:24 DEBUG PackageRelationshipCollection:307 - Parsing relationship: /xl/worksheets/_rels/sheet1.xml.rels
2025-12-25 19:26:24 DEBUG PackageRelationshipCollection:307 - Parsing relationship: /_rels/.rels
2025-12-25 19:26:24 DEBUG POIXMLFactory:65 - using default POIXMLDocumentPart for http://schemas.openxmlformats.org/officeDocument/2006/relationships/printerSettings
2025-12-25 19:26:25 INFO  TC003_LoginDDT:17 - **** Started TC003_LoginDDT **** 
2025-12-25 19:26:35 INFO  TC003_LoginDDT:17 - **** Started TC003_LoginDDT **** 
2025-12-25 19:26:45 INFO  TC003_LoginDDT:17 - **** Started TC003_LoginDDT **** 
2025-12-25 19:26:55 INFO  TC003_LoginDDT:17 - **** Started TC003_LoginDDT **** 
2025-12-25 19:27:05 INFO  TC003_LoginDDT:17 - **** Started TC003_LoginDDT **** 
2025-12-25 19:31:52 DEBUG TestNG:82 - suiteXmlPath: "C:\Automation\MyWorkspace\OpencartV1\master.xml"
2025-12-25 19:31:53 INFO  Utils:112 - [TestNG] Running:
  C:\Automation\MyWorkspace\OpencartV1\master.xml

2025-12-25 19:32:00 DEBUG PackageRelationshipCollection:307 - Parsing relationship: /xl/_rels/workbook.xml.rels
2025-12-25 19:32:00 DEBUG PackageRelationshipCollection:307 - Parsing relationship: /xl/worksheets/_rels/sheet1.xml.rels
2025-12-25 19:32:00 DEBUG PackageRelationshipCollection:307 - Parsing relationship: /_rels/.rels
2025-12-25 19:32:01 DEBUG POIXMLFactory:65 - using default POIXMLDocumentPart for http://schemas.openxmlformats.org/officeDocument/2006/relationships/printerSettings
2025-12-25 19:32:01 DEBUG PackageRelationshipCollection:307 - Parsing relationship: /xl/_rels/workbook.xml.rels
2025-12-25 19:32:01 DEBUG PackageRelationshipCollection:307 - Parsing relationship: /xl/worksheets/_rels/sheet1.xml.rels
2025-12-25 19:32:01 DEBUG PackageRelationshipCollection:307 - Parsing relationship: /_rels/.rels
2025-12-25 19:32:01 DEBUG POIXMLFactory:65 - using default POIXMLDocumentPart for http://schemas.openxmlformats.org/officeDocument/2006/relationships/printerSettings
2025-12-25 19:32:01 DEBUG PackageRelationshipCollection:307 - Parsing relationship: /xl/_rels/workbook.xml.rels
2025-12-25 19:32:01 DEBUG PackageRelationshipCollection:307 - Parsing relationship: /xl/worksheets/_rels/sheet1.xml.rels
2025-12-25 19:32:01 DEBUG PackageRelationshipCollection:307 - Parsing relationship: /_rels/.rels
2025-12-25 19:32:01 DEBUG POIXMLFactory:65 - using default POIXMLDocumentPart for http://schemas.openxmlformats.org/officeDocument/2006/relationships/printerSettings
2025-12-25 19:32:01 DEBUG PackageRelationshipCollection:307 - Parsing relationship: /xl/_rels/workbook.xml.rels
2025-12-25 19:32:01 DEBUG PackageRelationshipCollection:307 - Parsing relationship: /xl/worksheets/_rels/sheet1.xml.rels
2025-12-25 19:32:01 DEBUG PackageRelationshipCollection:307 - Parsing relationship: /_rels/.rels
2025-12-25 19:32:01 DEBUG POIXMLFactory:65 - using default POIXMLDocumentPart for http://schemas.openxmlformats.org/officeDocument/2006/relationships/printerSettings
2025-12-25 19:32:01 DEBUG PackageRelationshipCollection:307 - Parsing relationship: /xl/_rels/workbook.xml.rels
2025-12-25 19:32:01 DEBUG PackageRelationshipCollection:307 - Parsing relationship: /xl/worksheets/_rels/sheet1.xml.rels
2025-12-25 19:32:01 DEBUG PackageRelationshipCollection:307 - Parsing relationship: /_rels/.rels
2025-12-25 19:32:01 DEBUG POIXMLFactory:65 - using default POIXMLDocumentPart for http://schemas.openxmlformats.org/officeDocument/2006/relationships/printerSettings
2025-12-25 19:32:01 DEBUG PackageRelationshipCollection:307 - Parsing relationship: /xl/_rels/workbook.xml.rels
2025-12-25 19:32:01 DEBUG PackageRelationshipCollection:307 - Parsing relationship: /xl/worksheets/_rels/sheet1.xml.rels
2025-12-25 19:32:01 DEBUG PackageRelationshipCollection:307 - Parsing relationship: /_rels/.rels
2025-12-25 19:32:01 DEBUG POIXMLFactory:65 - using default POIXMLDocumentPart for http://schemas.openxmlformats.org/officeDocument/2006/relationships/printerSettings
2025-12-25 19:32:01 DEBUG PackageRelationshipCollection:307 - Parsing relationship: /xl/_rels/workbook.xml.rels
2025-12-25 19:32:01 DEBUG PackageRelationshipCollection:307 - Parsing relationship: /xl/worksheets/_rels/sheet1.xml.rels
2025-12-25 19:32:01 DEBUG PackageRelationshipCollection:307 - Parsing relationship: /_rels/.rels
2025-12-25 19:32:01 DEBUG POIXMLFactory:65 - using default POIXMLDocumentPart for http://schemas.openxmlformats.org/officeDocument/2006/relationships/printerSettings
2025-12-25 19:32:01 DEBUG PackageRelationshipCollection:307 - Parsing relationship: /xl/_rels/workbook.xml.rels
2025-12-25 19:32:01 DEBUG PackageRelationshipCollection:307 - Parsing relationship: /xl/worksheets/_rels/sheet1.xml.rels
2025-12-25 19:32:01 DEBUG PackageRelationshipCollection:307 - Parsing relationship: /_rels/.rels
2025-12-25 19:32:01 DEBUG POIXMLFactory:65 - using default POIXMLDocumentPart for http://schemas.openxmlformats.org/officeDocument/2006/relationships/printerSettings
2025-12-25 19:32:01 DEBUG PackageRelationshipCollection:307 - Parsing relationship: /xl/_rels/workbook.xml.rels
2025-12-25 19:32:01 DEBUG PackageRelationshipCollection:307 - Parsing relationship: /xl/worksheets/_rels/sheet1.xml.rels
2025-12-25 19:32:01 DEBUG PackageRelationshipCollection:307 - Parsing relationship: /_rels/.rels
2025-12-25 19:32:01 DEBUG POIXMLFactory:65 - using default POIXMLDocumentPart for http://schemas.openxmlformats.org/officeDocument/2006/relationships/printerSettings
2025-12-25 19:32:01 DEBUG PackageRelationshipCollection:307 - Parsing relationship: /xl/_rels/workbook.xml.rels
2025-12-25 19:32:01 DEBUG PackageRelationshipCollection:307 - Parsing relationship: /xl/worksheets/_rels/sheet1.xml.rels
2025-12-25 19:32:01 DEBUG PackageRelationshipCollection:307 - Parsing relationship: /_rels/.rels
2025-12-25 19:32:02 DEBUG POIXMLFactory:65 - using default POIXMLDocumentPart for http://schemas.openxmlformats.org/officeDocument/2006/relationships/printerSettings
2025-12-25 19:32:02 DEBUG PackageRelationshipCollection:307 - Parsing relationship: /xl/_rels/workbook.xml.rels
2025-12-25 19:32:02 DEBUG PackageRelationshipCollection:307 - Parsing relationship: /xl/worksheets/_rels/sheet1.xml.rels
2025-12-25 19:32:02 DEBUG PackageRelationshipCollection:307 - Parsing relationship: /_rels/.rels
2025-12-25 19:32:02 DEBUG POIXMLFactory:65 - using default POIXMLDocumentPart for http://schemas.openxmlformats.org/officeDocument/2006/relationships/printerSettings
2025-12-25 19:32:02 DEBUG PackageRelationshipCollection:307 - Parsing relationship: /xl/_rels/workbook.xml.rels
2025-12-25 19:32:02 DEBUG PackageRelationshipCollection:307 - Parsing relationship: /xl/worksheets/_rels/sheet1.xml.rels
2025-12-25 19:32:02 DEBUG PackageRelationshipCollection:307 - Parsing relationship: /_rels/.rels
2025-12-25 19:32:02 DEBUG POIXMLFactory:65 - using default POIXMLDocumentPart for http://schemas.openxmlformats.org/officeDocument/2006/relationships/printerSettings
2025-12-25 19:32:02 DEBUG PackageRelationshipCollection:307 - Parsing relationship: /xl/_rels/workbook.xml.rels
2025-12-25 19:32:02 DEBUG PackageRelationshipCollection:307 - Parsing relationship: /xl/worksheets/_rels/sheet1.xml.rels
2025-12-25 19:32:02 DEBUG PackageRelationshipCollection:307 - Parsing relationship: /_rels/.rels
2025-12-25 19:32:02 DEBUG POIXMLFactory:65 - using default POIXMLDocumentPart for http://schemas.openxmlformats.org/officeDocument/2006/relationships/printerSettings
2025-12-25 19:32:02 DEBUG PackageRelationshipCollection:307 - Parsing relationship: /xl/_rels/workbook.xml.rels
2025-12-25 19:32:02 DEBUG PackageRelationshipCollection:307 - Parsing relationship: /xl/worksheets/_rels/sheet1.xml.rels
2025-12-25 19:32:02 DEBUG PackageRelationshipCollection:307 - Parsing relationship: /_rels/.rels
2025-12-25 19:32:02 DEBUG POIXMLFactory:65 - using default POIXMLDocumentPart for http://schemas.openxmlformats.org/officeDocument/2006/relationships/printerSettings
2025-12-25 19:32:02 DEBUG PackageRelationshipCollection:307 - Parsing relationship: /xl/_rels/workbook.xml.rels
2025-12-25 19:32:02 DEBUG PackageRelationshipCollection:307 - Parsing relationship: /xl/worksheets/_rels/sheet1.xml.rels
2025-12-25 19:32:02 DEBUG PackageRelationshipCollection:307 - Parsing relationship: /_rels/.rels
2025-12-25 19:32:02 DEBUG POIXMLFactory:65 - using default POIXMLDocumentPart for http://schemas.openxmlformats.org/officeDocument/2006/relationships/printerSettings
2025-12-25 19:32:02 DEBUG PackageRelationshipCollection:307 - Parsing relationship: /xl/_rels/workbook.xml.rels
2025-12-25 19:32:02 DEBUG PackageRelationshipCollection:307 - Parsing relationship: /xl/worksheets/_rels/sheet1.xml.rels
2025-12-25 19:32:02 DEBUG PackageRelationshipCollection:307 - Parsing relationship: /_rels/.rels
2025-12-25 19:32:02 DEBUG POIXMLFactory:65 - using default POIXMLDocumentPart for http://schemas.openxmlformats.org/officeDocument/2006/relationships/printerSettings
2025-12-25 19:32:02 DEBUG PackageRelationshipCollection:307 - Parsing relationship: /xl/_rels/workbook.xml.rels
2025-12-25 19:32:02 DEBUG PackageRelationshipCollection:307 - Parsing relationship: /xl/worksheets/_rels/sheet1.xml.rels
2025-12-25 19:32:02 DEBUG PackageRelationshipCollection:307 - Parsing relationship: /_rels/.rels
2025-12-25 19:32:02 DEBUG POIXMLFactory:65 - using default POIXMLDocumentPart for http://schemas.openxmlformats.org/officeDocument/2006/relationships/printerSettings
2025-12-25 19:32:02 INFO  TC003_LoginDDT:17 - **** Started TC003_LoginDDT **** 
2025-12-25 19:32:13 INFO  TC003_LoginDDT:17 - **** Started TC003_LoginDDT **** 
2025-12-25 19:32:23 INFO  TC003_LoginDDT:17 - **** Started TC003_LoginDDT **** 
2025-12-25 19:32:33 INFO  TC003_LoginDDT:17 - **** Started TC003_LoginDDT **** 
2025-12-25 19:32:43 INFO  TC003_LoginDDT:17 - **** Started TC003_LoginDDT **** 
2025-12-25 19:35:17 DEBUG TestNG:82 - suiteXmlPath: "C:\Automation\MyWorkspace\OpencartV1\master.xml"
2025-12-25 19:35:18 INFO  Utils:112 - [TestNG] Running:
  C:\Automation\MyWorkspace\OpencartV1\master.xml

2025-12-25 19:35:23 DEBUG PackageRelationshipCollection:307 - Parsing relationship: /xl/_rels/workbook.xml.rels
2025-12-25 19:35:23 DEBUG PackageRelationshipCollection:307 - Parsing relationship: /xl/worksheets/_rels/sheet1.xml.rels
2025-12-25 19:35:23 DEBUG PackageRelationshipCollection:307 - Parsing relationship: /_rels/.rels
2025-12-25 19:35:24 DEBUG POIXMLFactory:65 - using default POIXMLDocumentPart for http://schemas.openxmlformats.org/officeDocument/2006/relationships/printerSettings
2025-12-25 19:35:24 DEBUG PackageRelationshipCollection:307 - Parsing relationship: /xl/_rels/workbook.xml.rels
2025-12-25 19:35:24 DEBUG PackageRelationshipCollection:307 - Parsing relationship: /xl/worksheets/_rels/sheet1.xml.rels
2025-12-25 19:35:24 DEBUG PackageRelationshipCollection:307 - Parsing relationship: /_rels/.rels
2025-12-25 19:35:24 DEBUG POIXMLFactory:65 - using default POIXMLDocumentPart for http://schemas.openxmlformats.org/officeDocument/2006/relationships/printerSettings
2025-12-25 19:35:24 DEBUG PackageRelationshipCollection:307 - Parsing relationship: /xl/_rels/workbook.xml.rels
2025-12-25 19:35:24 DEBUG PackageRelationshipCollection:307 - Parsing relationship: /xl/worksheets/_rels/sheet1.xml.rels
2025-12-25 19:35:24 DEBUG PackageRelationshipCollection:307 - Parsing relationship: /_rels/.rels
2025-12-25 19:35:24 DEBUG POIXMLFactory:65 - using default POIXMLDocumentPart for http://schemas.openxmlformats.org/officeDocument/2006/relationships/printerSettings
2025-12-25 19:35:25 DEBUG PackageRelationshipCollection:307 - Parsing relationship: /xl/_rels/workbook.xml.rels
2025-12-25 19:35:25 DEBUG PackageRelationshipCollection:307 - Parsing relationship: /xl/worksheets/_rels/sheet1.xml.rels
2025-12-25 19:35:25 DEBUG PackageRelationshipCollection:307 - Parsing relationship: /_rels/.rels
2025-12-25 19:35:25 DEBUG POIXMLFactory:65 - using default POIXMLDocumentPart for http://schemas.openxmlformats.org/officeDocument/2006/relationships/printerSettings
2025-12-25 19:35:25 DEBUG PackageRelationshipCollection:307 - Parsing relationship: /xl/_rels/workbook.xml.rels
2025-12-25 19:35:25 DEBUG PackageRelationshipCollection:307 - Parsing relationship: /xl/worksheets/_rels/sheet1.xml.rels
2025-12-25 19:35:25 DEBUG PackageRelationshipCollection:307 - Parsing relationship: /_rels/.rels
2025-12-25 19:35:25 DEBUG POIXMLFactory:65 - using default POIXMLDocumentPart for http://schemas.openxmlformats.org/officeDocument/2006/relationships/printerSettings
2025-12-25 19:35:25 DEBUG PackageRelationshipCollection:307 - Parsing relationship: /xl/_rels/workbook.xml.rels
2025-12-25 19:35:25 DEBUG PackageRelationshipCollection:307 - Parsing relationship: /xl/worksheets/_rels/sheet1.xml.rels
2025-12-25 19:35:25 DEBUG PackageRelationshipCollection:307 - Parsing relationship: /_rels/.rels
2025-12-25 19:35:25 DEBUG POIXMLFactory:65 - using default POIXMLDocumentPart for http://schemas.openxmlformats.org/officeDocument/2006/relationships/printerSettings
2025-12-25 19:35:25 DEBUG PackageRelationshipCollection:307 - Parsing relationship: /xl/_rels/workbook.xml.rels
2025-12-25 19:35:25 DEBUG PackageRelationshipCollection:307 - Parsing relationship: /xl/worksheets/_rels/sheet1.xml.rels
2025-12-25 19:35:25 DEBUG PackageRelationshipCollection:307 - Parsing relationship: /_rels/.rels
2025-12-25 19:35:25 DEBUG POIXMLFactory:65 - using default POIXMLDocumentPart for http://schemas.openxmlformats.org/officeDocument/2006/relationships/printerSettings
2025-12-25 19:35:25 DEBUG PackageRelationshipCollection:307 - Parsing relationship: /xl/_rels/workbook.xml.rels
2025-12-25 19:35:25 DEBUG PackageRelationshipCollection:307 - Parsing relationship: /xl/worksheets/_rels/sheet1.xml.rels
2025-12-25 19:35:25 DEBUG PackageRelationshipCollection:307 - Parsing relationship: /_rels/.rels
2025-12-25 19:35:25 DEBUG POIXMLFactory:65 - using default POIXMLDocumentPart for http://schemas.openxmlformats.org/officeDocument/2006/relationships/printerSettings
2025-12-25 19:35:25 DEBUG PackageRelationshipCollection:307 - Parsing relationship: /xl/_rels/workbook.xml.rels
2025-12-25 19:35:25 DEBUG PackageRelationshipCollection:307 - Parsing relationship: /xl/worksheets/_rels/sheet1.xml.rels
2025-12-25 19:35:25 DEBUG PackageRelationshipCollection:307 - Parsing relationship: /_rels/.rels
2025-12-25 19:35:25 DEBUG POIXMLFactory:65 - using default POIXMLDocumentPart for http://schemas.openxmlformats.org/officeDocument/2006/relationships/printerSettings
2025-12-25 19:35:25 DEBUG PackageRelationshipCollection:307 - Parsing relationship: /xl/_rels/workbook.xml.rels
2025-12-25 19:35:25 DEBUG PackageRelationshipCollection:307 - Parsing relationship: /xl/worksheets/_rels/sheet1.xml.rels
2025-12-25 19:35:25 DEBUG PackageRelationshipCollection:307 - Parsing relationship: /_rels/.rels
2025-12-25 19:35:25 DEBUG POIXMLFactory:65 - using default POIXMLDocumentPart for http://schemas.openxmlformats.org/officeDocument/2006/relationships/printerSettings
2025-12-25 19:35:25 DEBUG PackageRelationshipCollection:307 - Parsing relationship: /xl/_rels/workbook.xml.rels
2025-12-25 19:35:25 DEBUG PackageRelationshipCollection:307 - Parsing relationship: /xl/worksheets/_rels/sheet1.xml.rels
2025-12-25 19:35:25 DEBUG PackageRelationshipCollection:307 - Parsing relationship: /_rels/.rels
2025-12-25 19:35:25 DEBUG POIXMLFactory:65 - using default POIXMLDocumentPart for http://schemas.openxmlformats.org/officeDocument/2006/relationships/printerSettings
2025-12-25 19:35:25 DEBUG PackageRelationshipCollection:307 - Parsing relationship: /xl/_rels/workbook.xml.rels
2025-12-25 19:35:25 DEBUG PackageRelationshipCollection:307 - Parsing relationship: /xl/worksheets/_rels/sheet1.xml.rels
2025-12-25 19:35:25 DEBUG PackageRelationshipCollection:307 - Parsing relationship: /_rels/.rels
2025-12-25 19:35:25 DEBUG POIXMLFactory:65 - using default POIXMLDocumentPart for http://schemas.openxmlformats.org/officeDocument/2006/relationships/printerSettings
2025-12-25 19:35:25 DEBUG PackageRelationshipCollection:307 - Parsing relationship: /xl/_rels/workbook.xml.rels
2025-12-25 19:35:25 DEBUG PackageRelationshipCollection:307 - Parsing relationship: /xl/worksheets/_rels/sheet1.xml.rels
2025-12-25 19:35:25 DEBUG PackageRelationshipCollection:307 - Parsing relationship: /_rels/.rels
2025-12-25 19:35:25 DEBUG POIXMLFactory:65 - using default POIXMLDocumentPart for http://schemas.openxmlformats.org/officeDocument/2006/relationships/printerSettings
2025-12-25 19:35:25 DEBUG PackageRelationshipCollection:307 - Parsing relationship: /xl/_rels/workbook.xml.rels
2025-12-25 19:35:25 DEBUG PackageRelationshipCollection:307 - Parsing relationship: /xl/worksheets/_rels/sheet1.xml.rels
2025-12-25 19:35:25 DEBUG PackageRelationshipCollection:307 - Parsing relationship: /_rels/.rels
2025-12-25 19:35:26 DEBUG POIXMLFactory:65 - using default POIXMLDocumentPart for http://schemas.openxmlformats.org/officeDocument/2006/relationships/printerSettings
2025-12-25 19:35:26 DEBUG PackageRelationshipCollection:307 - Parsing relationship: /xl/_rels/workbook.xml.rels
2025-12-25 19:35:26 DEBUG PackageRelationshipCollection:307 - Parsing relationship: /xl/worksheets/_rels/sheet1.xml.rels
2025-12-25 19:35:26 DEBUG PackageRelationshipCollection:307 - Parsing relationship: /_rels/.rels
2025-12-25 19:35:26 DEBUG POIXMLFactory:65 - using default POIXMLDocumentPart for http://schemas.openxmlformats.org/officeDocument/2006/relationships/printerSettings
2025-12-25 19:35:26 DEBUG PackageRelationshipCollection:307 - Parsing relationship: /xl/_rels/workbook.xml.rels
2025-12-25 19:35:26 DEBUG PackageRelationshipCollection:307 - Parsing relationship: /xl/worksheets/_rels/sheet1.xml.rels
2025-12-25 19:35:26 DEBUG PackageRelationshipCollection:307 - Parsing relationship: /_rels/.rels
2025-12-25 19:35:26 DEBUG POIXMLFactory:65 - using default POIXMLDocumentPart for http://schemas.openxmlformats.org/officeDocument/2006/relationships/printerSettings
2025-12-25 19:35:26 DEBUG PackageRelationshipCollection:307 - Parsing relationship: /xl/_rels/workbook.xml.rels
2025-12-25 19:35:26 DEBUG PackageRelationshipCollection:307 - Parsing relationship: /xl/worksheets/_rels/sheet1.xml.rels
2025-12-25 19:35:26 DEBUG PackageRelationshipCollection:307 - Parsing relationship: /_rels/.rels
2025-12-25 19:35:26 DEBUG POIXMLFactory:65 - using default POIXMLDocumentPart for http://schemas.openxmlformats.org/officeDocument/2006/relationships/printerSettings
2025-12-25 19:35:26 INFO  TC003_LoginDDT:17 - **** Started TC003_LoginDDT **** 
2025-12-25 19:35:37 INFO  TC003_LoginDDT:17 - **** Started TC003_LoginDDT **** 
2025-12-25 19:35:47 INFO  TC003_LoginDDT:17 - **** Started TC003_LoginDDT **** 
2025-12-25 19:35:57 INFO  TC003_LoginDDT:17 - **** Started TC003_LoginDDT **** 
2025-12-25 19:36:07 INFO  TC003_LoginDDT:17 - **** Started TC003_LoginDDT **** 
2025-12-25 19:36:38 DEBUG TestNG:82 - suiteXmlPath: "C:\Automation\MyWorkspace\OpencartV1\master.xml"
2025-12-25 19:36:38 INFO  Utils:112 - [TestNG] Running:
  C:\Automation\MyWorkspace\OpencartV1\master.xml

2025-12-25 19:36:43 DEBUG PackageRelationshipCollection:307 - Parsing relationship: /xl/_rels/workbook.xml.rels
2025-12-25 19:36:43 DEBUG PackageRelationshipCollection:307 - Parsing relationship: /xl/worksheets/_rels/sheet1.xml.rels
2025-12-25 19:36:43 DEBUG PackageRelationshipCollection:307 - Parsing relationship: /_rels/.rels
2025-12-25 19:36:44 DEBUG POIXMLFactory:65 - using default POIXMLDocumentPart for http://schemas.openxmlformats.org/officeDocument/2006/relationships/printerSettings
2025-12-25 19:36:44 DEBUG PackageRelationshipCollection:307 - Parsing relationship: /xl/_rels/workbook.xml.rels
2025-12-25 19:36:44 DEBUG PackageRelationshipCollection:307 - Parsing relationship: /xl/worksheets/_rels/sheet1.xml.rels
2025-12-25 19:36:44 DEBUG PackageRelationshipCollection:307 - Parsing relationship: /_rels/.rels
2025-12-25 19:36:45 DEBUG POIXMLFactory:65 - using default POIXMLDocumentPart for http://schemas.openxmlformats.org/officeDocument/2006/relationships/printerSettings
2025-12-25 19:36:45 DEBUG PackageRelationshipCollection:307 - Parsing relationship: /xl/_rels/workbook.xml.rels
2025-12-25 19:36:45 DEBUG PackageRelationshipCollection:307 - Parsing relationship: /xl/worksheets/_rels/sheet1.xml.rels
2025-12-25 19:36:45 DEBUG PackageRelationshipCollection:307 - Parsing relationship: /_rels/.rels
2025-12-25 19:36:45 DEBUG POIXMLFactory:65 - using default POIXMLDocumentPart for http://schemas.openxmlformats.org/officeDocument/2006/relationships/printerSettings
2025-12-25 19:36:45 DEBUG PackageRelationshipCollection:307 - Parsing relationship: /xl/_rels/workbook.xml.rels
2025-12-25 19:36:45 DEBUG PackageRelationshipCollection:307 - Parsing relationship: /xl/worksheets/_rels/sheet1.xml.rels
2025-12-25 19:36:45 DEBUG PackageRelationshipCollection:307 - Parsing relationship: /_rels/.rels
2025-12-25 19:36:45 DEBUG POIXMLFactory:65 - using default POIXMLDocumentPart for http://schemas.openxmlformats.org/officeDocument/2006/relationships/printerSettings
2025-12-25 19:36:45 DEBUG PackageRelationshipCollection:307 - Parsing relationship: /xl/_rels/workbook.xml.rels
2025-12-25 19:36:45 DEBUG PackageRelationshipCollection:307 - Parsing relationship: /xl/worksheets/_rels/sheet1.xml.rels
2025-12-25 19:36:45 DEBUG PackageRelationshipCollection:307 - Parsing relationship: /_rels/.rels
2025-12-25 19:36:45 DEBUG POIXMLFactory:65 - using default POIXMLDocumentPart for http://schemas.openxmlformats.org/officeDocument/2006/relationships/printerSettings
2025-12-25 19:36:45 DEBUG PackageRelationshipCollection:307 - Parsing relationship: /xl/_rels/workbook.xml.rels
2025-12-25 19:36:45 DEBUG PackageRelationshipCollection:307 - Parsing relationship: /xl/worksheets/_rels/sheet1.xml.rels
2025-12-25 19:36:45 DEBUG PackageRelationshipCollection:307 - Parsing relationship: /_rels/.rels
2025-12-25 19:36:45 DEBUG POIXMLFactory:65 - using default POIXMLDocumentPart for http://schemas.openxmlformats.org/officeDocument/2006/relationships/printerSettings
2025-12-25 19:36:45 DEBUG PackageRelationshipCollection:307 - Parsing relationship: /xl/_rels/workbook.xml.rels
2025-12-25 19:36:45 DEBUG PackageRelationshipCollection:307 - Parsing relationship: /xl/worksheets/_rels/sheet1.xml.rels
2025-12-25 19:36:45 DEBUG PackageRelationshipCollection:307 - Parsing relationship: /_rels/.rels
2025-12-25 19:36:45 DEBUG POIXMLFactory:65 - using default POIXMLDocumentPart for http://schemas.openxmlformats.org/officeDocument/2006/relationships/printerSettings
2025-12-25 19:36:45 DEBUG PackageRelationshipCollection:307 - Parsing relationship: /xl/_rels/workbook.xml.rels
2025-12-25 19:36:45 DEBUG PackageRelationshipCollection:307 - Parsing relationship: /xl/worksheets/_rels/sheet1.xml.rels
2025-12-25 19:36:45 DEBUG PackageRelationshipCollection:307 - Parsing relationship: /_rels/.rels
2025-12-25 19:36:45 DEBUG POIXMLFactory:65 - using default POIXMLDocumentPart for http://schemas.openxmlformats.org/officeDocument/2006/relationships/printerSettings
2025-12-25 19:36:45 DEBUG PackageRelationshipCollection:307 - Parsing relationship: /xl/_rels/workbook.xml.rels
2025-12-25 19:36:45 DEBUG PackageRelationshipCollection:307 - Parsing relationship: /xl/worksheets/_rels/sheet1.xml.rels
2025-12-25 19:36:45 DEBUG PackageRelationshipCollection:307 - Parsing relationship: /_rels/.rels
2025-12-25 19:36:45 DEBUG POIXMLFactory:65 - using default POIXMLDocumentPart for http://schemas.openxmlformats.org/officeDocument/2006/relationships/printerSettings
2025-12-25 19:36:45 DEBUG PackageRelationshipCollection:307 - Parsing relationship: /xl/_rels/workbook.xml.rels
2025-12-25 19:36:45 DEBUG PackageRelationshipCollection:307 - Parsing relationship: /xl/worksheets/_rels/sheet1.xml.rels
2025-12-25 19:36:45 DEBUG PackageRelationshipCollection:307 - Parsing relationship: /_rels/.rels
2025-12-25 19:36:45 DEBUG POIXMLFactory:65 - using default POIXMLDocumentPart for http://schemas.openxmlformats.org/officeDocument/2006/relationships/printerSettings
2025-12-25 19:36:46 DEBUG PackageRelationshipCollection:307 - Parsing relationship: /xl/_rels/workbook.xml.rels
2025-12-25 19:36:46 DEBUG PackageRelationshipCollection:307 - Parsing relationship: /xl/worksheets/_rels/sheet1.xml.rels
2025-12-25 19:36:46 DEBUG PackageRelationshipCollection:307 - Parsing relationship: /_rels/.rels
2025-12-25 19:36:46 DEBUG POIXMLFactory:65 - using default POIXMLDocumentPart for http://schemas.openxmlformats.org/officeDocument/2006/relationships/printerSettings
2025-12-25 19:36:46 DEBUG PackageRelationshipCollection:307 - Parsing relationship: /xl/_rels/workbook.xml.rels
2025-12-25 19:36:46 DEBUG PackageRelationshipCollection:307 - Parsing relationship: /xl/worksheets/_rels/sheet1.xml.rels
2025-12-25 19:36:46 DEBUG PackageRelationshipCollection:307 - Parsing relationship: /_rels/.rels
2025-12-25 19:36:46 DEBUG POIXMLFactory:65 - using default POIXMLDocumentPart for http://schemas.openxmlformats.org/officeDocument/2006/relationships/printerSettings
2025-12-25 19:36:46 DEBUG PackageRelationshipCollection:307 - Parsing relationship: /xl/_rels/workbook.xml.rels
2025-12-25 19:36:46 DEBUG PackageRelationshipCollection:307 - Parsing relationship: /xl/worksheets/_rels/sheet1.xml.rels
2025-12-25 19:36:46 DEBUG PackageRelationshipCollection:307 - Parsing relationship: /_rels/.rels
2025-12-25 19:36:46 DEBUG POIXMLFactory:65 - using default POIXMLDocumentPart for http://schemas.openxmlformats.org/officeDocument/2006/relationships/printerSettings
2025-12-25 19:36:46 DEBUG PackageRelationshipCollection:307 - Parsing relationship: /xl/_rels/workbook.xml.rels
2025-12-25 19:36:46 DEBUG PackageRelationshipCollection:307 - Parsing relationship: /xl/worksheets/_rels/sheet1.xml.rels
2025-12-25 19:36:46 DEBUG PackageRelationshipCollection:307 - Parsing relationship: /_rels/.rels
2025-12-25 19:36:46 DEBUG POIXMLFactory:65 - using default POIXMLDocumentPart for http://schemas.openxmlformats.org/officeDocument/2006/relationships/printerSettings
2025-12-25 19:36:46 DEBUG PackageRelationshipCollection:307 - Parsing relationship: /xl/_rels/workbook.xml.rels
2025-12-25 19:36:46 DEBUG PackageRelationshipCollection:307 - Parsing relationship: /xl/worksheets/_rels/sheet1.xml.rels
2025-12-25 19:36:46 DEBUG PackageRelationshipCollection:307 - Parsing relationship: /_rels/.rels
2025-12-25 19:36:46 DEBUG POIXMLFactory:65 - using default POIXMLDocumentPart for http://schemas.openxmlformats.org/officeDocument/2006/relationships/printerSettings
2025-12-25 19:36:46 DEBUG PackageRelationshipCollection:307 - Parsing relationship: /xl/_rels/workbook.xml.rels
2025-12-25 19:36:46 DEBUG PackageRelationshipCollection:307 - Parsing relationship: /xl/worksheets/_rels/sheet1.xml.rels
2025-12-25 19:36:46 DEBUG PackageRelationshipCollection:307 - Parsing relationship: /_rels/.rels
2025-12-25 19:36:46 DEBUG POIXMLFactory:65 - using default POIXMLDocumentPart for http://schemas.openxmlformats.org/officeDocument/2006/relationships/printerSettings
2025-12-25 19:36:46 DEBUG PackageRelationshipCollection:307 - Parsing relationship: /xl/_rels/workbook.xml.rels
2025-12-25 19:36:46 DEBUG PackageRelationshipCollection:307 - Parsing relationship: /xl/worksheets/_rels/sheet1.xml.rels
2025-12-25 19:36:46 DEBUG PackageRelationshipCollection:307 - Parsing relationship: /_rels/.rels
2025-12-25 19:36:46 DEBUG POIXMLFactory:65 - using default POIXMLDocumentPart for http://schemas.openxmlformats.org/officeDocument/2006/relationships/printerSettings
2025-12-25 19:36:47 INFO  TC003_LoginDDT:17 - **** Started TC003_LoginDDT **** 
2025-12-25 19:36:57 INFO  TC003_LoginDDT:17 - **** Started TC003_LoginDDT **** 
2025-12-25 19:37:12 INFO  TC003_LoginDDT:74 - **** Finished TC003_LoginDDT **** 
2025-12-25 19:37:12 INFO  TC003_LoginDDT:17 - **** Started TC003_LoginDDT **** 
2025-12-25 19:37:22 INFO  TC003_LoginDDT:17 - **** Started TC003_LoginDDT **** 
2025-12-25 19:37:37 INFO  TC003_LoginDDT:74 - **** Finished TC003_LoginDDT **** 
2025-12-25 19:37:37 INFO  TC003_LoginDDT:17 - **** Started TC003_LoginDDT **** 
2025-12-25 19:44:46 DEBUG TestNG:82 - suiteXmlPath: "C:\Automation\MyWorkspace\OpencartV1\master.xml"
2025-12-25 19:44:47 INFO  Utils:112 - [TestNG] Running:
  C:\Automation\MyWorkspace\OpencartV1\master.xml

2025-12-25 19:44:51 DEBUG PackageRelationshipCollection:307 - Parsing relationship: /xl/_rels/workbook.xml.rels
2025-12-25 19:44:51 DEBUG PackageRelationshipCollection:307 - Parsing relationship: /xl/worksheets/_rels/sheet1.xml.rels
2025-12-25 19:44:51 DEBUG PackageRelationshipCollection:307 - Parsing relationship: /_rels/.rels
2025-12-25 19:44:52 DEBUG POIXMLFactory:65 - using default POIXMLDocumentPart for http://schemas.openxmlformats.org/officeDocument/2006/relationships/printerSettings
2025-12-25 19:44:53 DEBUG PackageRelationshipCollection:307 - Parsing relationship: /xl/_rels/workbook.xml.rels
2025-12-25 19:44:53 DEBUG PackageRelationshipCollection:307 - Parsing relationship: /xl/worksheets/_rels/sheet1.xml.rels
2025-12-25 19:44:53 DEBUG PackageRelationshipCollection:307 - Parsing relationship: /_rels/.rels
2025-12-25 19:44:53 DEBUG POIXMLFactory:65 - using default POIXMLDocumentPart for http://schemas.openxmlformats.org/officeDocument/2006/relationships/printerSettings
2025-12-25 19:44:53 DEBUG PackageRelationshipCollection:307 - Parsing relationship: /xl/_rels/workbook.xml.rels
2025-12-25 19:44:53 DEBUG PackageRelationshipCollection:307 - Parsing relationship: /xl/worksheets/_rels/sheet1.xml.rels
2025-12-25 19:44:53 DEBUG PackageRelationshipCollection:307 - Parsing relationship: /_rels/.rels
2025-12-25 19:44:53 DEBUG POIXMLFactory:65 - using default POIXMLDocumentPart for http://schemas.openxmlformats.org/officeDocument/2006/relationships/printerSettings
2025-12-25 19:44:53 DEBUG PackageRelationshipCollection:307 - Parsing relationship: /xl/_rels/workbook.xml.rels
2025-12-25 19:44:53 DEBUG PackageRelationshipCollection:307 - Parsing relationship: /xl/worksheets/_rels/sheet1.xml.rels
2025-12-25 19:44:53 DEBUG PackageRelationshipCollection:307 - Parsing relationship: /_rels/.rels
2025-12-25 19:44:53 DEBUG POIXMLFactory:65 - using default POIXMLDocumentPart for http://schemas.openxmlformats.org/officeDocument/2006/relationships/printerSettings
2025-12-25 19:44:53 DEBUG PackageRelationshipCollection:307 - Parsing relationship: /xl/_rels/workbook.xml.rels
2025-12-25 19:44:53 DEBUG PackageRelationshipCollection:307 - Parsing relationship: /xl/worksheets/_rels/sheet1.xml.rels
2025-12-25 19:44:53 DEBUG PackageRelationshipCollection:307 - Parsing relationship: /_rels/.rels
2025-12-25 19:44:53 DEBUG POIXMLFactory:65 - using default POIXMLDocumentPart for http://schemas.openxmlformats.org/officeDocument/2006/relationships/printerSettings
2025-12-25 19:44:53 DEBUG PackageRelationshipCollection:307 - Parsing relationship: /xl/_rels/workbook.xml.rels
2025-12-25 19:44:53 DEBUG PackageRelationshipCollection:307 - Parsing relationship: /xl/worksheets/_rels/sheet1.xml.rels
2025-12-25 19:44:53 DEBUG PackageRelationshipCollection:307 - Parsing relationship: /_rels/.rels
2025-12-25 19:44:53 DEBUG POIXMLFactory:65 - using default POIXMLDocumentPart for http://schemas.openxmlformats.org/officeDocument/2006/relationships/printerSettings
2025-12-25 19:44:53 DEBUG PackageRelationshipCollection:307 - Parsing relationship: /xl/_rels/workbook.xml.rels
2025-12-25 19:44:53 DEBUG PackageRelationshipCollection:307 - Parsing relationship: /xl/worksheets/_rels/sheet1.xml.rels
2025-12-25 19:44:53 DEBUG PackageRelationshipCollection:307 - Parsing relationship: /_rels/.rels
2025-12-25 19:44:53 DEBUG POIXMLFactory:65 - using default POIXMLDocumentPart for http://schemas.openxmlformats.org/officeDocument/2006/relationships/printerSettings
2025-12-25 19:44:53 DEBUG PackageRelationshipCollection:307 - Parsing relationship: /xl/_rels/workbook.xml.rels
2025-12-25 19:44:53 DEBUG PackageRelationshipCollection:307 - Parsing relationship: /xl/worksheets/_rels/sheet1.xml.rels
2025-12-25 19:44:53 DEBUG PackageRelationshipCollection:307 - Parsing relationship: /_rels/.rels
2025-12-25 19:44:53 DEBUG POIXMLFactory:65 - using default POIXMLDocumentPart for http://schemas.openxmlformats.org/officeDocument/2006/relationships/printerSettings
2025-12-25 19:44:53 DEBUG PackageRelationshipCollection:307 - Parsing relationship: /xl/_rels/workbook.xml.rels
2025-12-25 19:44:53 DEBUG PackageRelationshipCollection:307 - Parsing relationship: /xl/worksheets/_rels/sheet1.xml.rels
2025-12-25 19:44:53 DEBUG PackageRelationshipCollection:307 - Parsing relationship: /_rels/.rels
2025-12-25 19:44:53 DEBUG POIXMLFactory:65 - using default POIXMLDocumentPart for http://schemas.openxmlformats.org/officeDocument/2006/relationships/printerSettings
2025-12-25 19:44:53 DEBUG PackageRelationshipCollection:307 - Parsing relationship: /xl/_rels/workbook.xml.rels
2025-12-25 19:44:53 DEBUG PackageRelationshipCollection:307 - Parsing relationship: /xl/worksheets/_rels/sheet1.xml.rels
2025-12-25 19:44:53 DEBUG PackageRelationshipCollection:307 - Parsing relationship: /_rels/.rels
2025-12-25 19:44:53 DEBUG POIXMLFactory:65 - using default POIXMLDocumentPart for http://schemas.openxmlformats.org/officeDocument/2006/relationships/printerSettings
2025-12-25 19:44:54 DEBUG PackageRelationshipCollection:307 - Parsing relationship: /xl/_rels/workbook.xml.rels
2025-12-25 19:44:54 DEBUG PackageRelationshipCollection:307 - Parsing relationship: /xl/worksheets/_rels/sheet1.xml.rels
2025-12-25 19:44:54 DEBUG PackageRelationshipCollection:307 - Parsing relationship: /_rels/.rels
2025-12-25 19:44:54 DEBUG POIXMLFactory:65 - using default POIXMLDocumentPart for http://schemas.openxmlformats.org/officeDocument/2006/relationships/printerSettings
2025-12-25 19:44:54 DEBUG PackageRelationshipCollection:307 - Parsing relationship: /xl/_rels/workbook.xml.rels
2025-12-25 19:44:54 DEBUG PackageRelationshipCollection:307 - Parsing relationship: /xl/worksheets/_rels/sheet1.xml.rels
2025-12-25 19:44:54 DEBUG PackageRelationshipCollection:307 - Parsing relationship: /_rels/.rels
2025-12-25 19:44:54 DEBUG POIXMLFactory:65 - using default POIXMLDocumentPart for http://schemas.openxmlformats.org/officeDocument/2006/relationships/printerSettings
2025-12-25 19:44:54 DEBUG PackageRelationshipCollection:307 - Parsing relationship: /xl/_rels/workbook.xml.rels
2025-12-25 19:44:54 DEBUG PackageRelationshipCollection:307 - Parsing relationship: /xl/worksheets/_rels/sheet1.xml.rels
2025-12-25 19:44:54 DEBUG PackageRelationshipCollection:307 - Parsing relationship: /_rels/.rels
2025-12-25 19:44:54 DEBUG POIXMLFactory:65 - using default POIXMLDocumentPart for http://schemas.openxmlformats.org/officeDocument/2006/relationships/printerSettings
2025-12-25 19:44:54 DEBUG PackageRelationshipCollection:307 - Parsing relationship: /xl/_rels/workbook.xml.rels
2025-12-25 19:44:54 DEBUG PackageRelationshipCollection:307 - Parsing relationship: /xl/worksheets/_rels/sheet1.xml.rels
2025-12-25 19:44:54 DEBUG PackageRelationshipCollection:307 - Parsing relationship: /_rels/.rels
2025-12-25 19:44:54 DEBUG POIXMLFactory:65 - using default POIXMLDocumentPart for http://schemas.openxmlformats.org/officeDocument/2006/relationships/printerSettings
2025-12-25 19:44:54 DEBUG PackageRelationshipCollection:307 - Parsing relationship: /xl/_rels/workbook.xml.rels
2025-12-25 19:44:54 DEBUG PackageRelationshipCollection:307 - Parsing relationship: /xl/worksheets/_rels/sheet1.xml.rels
2025-12-25 19:44:54 DEBUG PackageRelationshipCollection:307 - Parsing relationship: /_rels/.rels
2025-12-25 19:44:54 DEBUG POIXMLFactory:65 - using default POIXMLDocumentPart for http://schemas.openxmlformats.org/officeDocument/2006/relationships/printerSettings
2025-12-25 19:44:54 DEBUG PackageRelationshipCollection:307 - Parsing relationship: /xl/_rels/workbook.xml.rels
2025-12-25 19:44:54 DEBUG PackageRelationshipCollection:307 - Parsing relationship: /xl/worksheets/_rels/sheet1.xml.rels
2025-12-25 19:44:54 DEBUG PackageRelationshipCollection:307 - Parsing relationship: /_rels/.rels
2025-12-25 19:44:54 DEBUG POIXMLFactory:65 - using default POIXMLDocumentPart for http://schemas.openxmlformats.org/officeDocument/2006/relationships/printerSettings
2025-12-25 19:44:54 DEBUG PackageRelationshipCollection:307 - Parsing relationship: /xl/_rels/workbook.xml.rels
2025-12-25 19:44:54 DEBUG PackageRelationshipCollection:307 - Parsing relationship: /xl/worksheets/_rels/sheet1.xml.rels
2025-12-25 19:44:54 DEBUG PackageRelationshipCollection:307 - Parsing relationship: /_rels/.rels
2025-12-25 19:44:54 DEBUG POIXMLFactory:65 - using default POIXMLDocumentPart for http://schemas.openxmlformats.org/officeDocument/2006/relationships/printerSettings
2025-12-25 19:44:54 INFO  TC003_LoginDDT:17 - **** Started TC003_LoginDDT **** 
2025-12-25 19:45:05 INFO  TC003_LoginDDT:17 - **** Started TC003_LoginDDT **** 
2025-12-25 19:45:26 INFO  TC003_LoginDDT:74 - **** Finished TC003_LoginDDT **** 
2025-12-25 19:45:26 INFO  TC003_LoginDDT:17 - **** Started TC003_LoginDDT **** 
2025-12-25 19:45:36 INFO  TC003_LoginDDT:17 - **** Started TC003_LoginDDT **** 
2025-12-25 19:45:46 INFO  TC003_LoginDDT:17 - **** Started TC003_LoginDDT **** 
2025-12-25 19:49:16 DEBUG TestNG:82 - suiteXmlPath: "C:\Automation\MyWorkspace\OpencartV1\master.xml"
2025-12-25 19:49:17 INFO  Utils:112 - [TestNG] Running:
  C:\Automation\MyWorkspace\OpencartV1\master.xml

2025-12-25 19:49:21 DEBUG PackageRelationshipCollection:307 - Parsing relationship: /xl/_rels/workbook.xml.rels
2025-12-25 19:49:21 DEBUG PackageRelationshipCollection:307 - Parsing relationship: /xl/worksheets/_rels/sheet1.xml.rels
2025-12-25 19:49:21 DEBUG PackageRelationshipCollection:307 - Parsing relationship: /_rels/.rels
2025-12-25 19:49:22 DEBUG POIXMLFactory:65 - using default POIXMLDocumentPart for http://schemas.openxmlformats.org/officeDocument/2006/relationships/printerSettings
2025-12-25 19:49:23 DEBUG PackageRelationshipCollection:307 - Parsing relationship: /xl/_rels/workbook.xml.rels
2025-12-25 19:49:23 DEBUG PackageRelationshipCollection:307 - Parsing relationship: /xl/worksheets/_rels/sheet1.xml.rels
2025-12-25 19:49:23 DEBUG PackageRelationshipCollection:307 - Parsing relationship: /_rels/.rels
2025-12-25 19:49:23 DEBUG POIXMLFactory:65 - using default POIXMLDocumentPart for http://schemas.openxmlformats.org/officeDocument/2006/relationships/printerSettings
2025-12-25 19:49:23 DEBUG PackageRelationshipCollection:307 - Parsing relationship: /xl/_rels/workbook.xml.rels
2025-12-25 19:49:23 DEBUG PackageRelationshipCollection:307 - Parsing relationship: /xl/worksheets/_rels/sheet1.xml.rels
2025-12-25 19:49:23 DEBUG PackageRelationshipCollection:307 - Parsing relationship: /_rels/.rels
2025-12-25 19:49:23 DEBUG POIXMLFactory:65 - using default POIXMLDocumentPart for http://schemas.openxmlformats.org/officeDocument/2006/relationships/printerSettings
2025-12-25 19:49:23 DEBUG PackageRelationshipCollection:307 - Parsing relationship: /xl/_rels/workbook.xml.rels
2025-12-25 19:49:23 DEBUG PackageRelationshipCollection:307 - Parsing relationship: /xl/worksheets/_rels/sheet1.xml.rels
2025-12-25 19:49:23 DEBUG PackageRelationshipCollection:307 - Parsing relationship: /_rels/.rels
2025-12-25 19:49:23 DEBUG POIXMLFactory:65 - using default POIXMLDocumentPart for http://schemas.openxmlformats.org/officeDocument/2006/relationships/printerSettings
2025-12-25 19:49:23 DEBUG PackageRelationshipCollection:307 - Parsing relationship: /xl/_rels/workbook.xml.rels
2025-12-25 19:49:23 DEBUG PackageRelationshipCollection:307 - Parsing relationship: /xl/worksheets/_rels/sheet1.xml.rels
2025-12-25 19:49:23 DEBUG PackageRelationshipCollection:307 - Parsing relationship: /_rels/.rels
2025-12-25 19:49:23 DEBUG POIXMLFactory:65 - using default POIXMLDocumentPart for http://schemas.openxmlformats.org/officeDocument/2006/relationships/printerSettings
2025-12-25 19:49:23 DEBUG PackageRelationshipCollection:307 - Parsing relationship: /xl/_rels/workbook.xml.rels
2025-12-25 19:49:23 DEBUG PackageRelationshipCollection:307 - Parsing relationship: /xl/worksheets/_rels/sheet1.xml.rels
2025-12-25 19:49:23 DEBUG PackageRelationshipCollection:307 - Parsing relationship: /_rels/.rels
2025-12-25 19:49:23 DEBUG POIXMLFactory:65 - using default POIXMLDocumentPart for http://schemas.openxmlformats.org/officeDocument/2006/relationships/printerSettings
2025-12-25 19:49:23 DEBUG PackageRelationshipCollection:307 - Parsing relationship: /xl/_rels/workbook.xml.rels
2025-12-25 19:49:23 DEBUG PackageRelationshipCollection:307 - Parsing relationship: /xl/worksheets/_rels/sheet1.xml.rels
2025-12-25 19:49:23 DEBUG PackageRelationshipCollection:307 - Parsing relationship: /_rels/.rels
2025-12-25 19:49:23 DEBUG POIXMLFactory:65 - using default POIXMLDocumentPart for http://schemas.openxmlformats.org/officeDocument/2006/relationships/printerSettings
2025-12-25 19:49:23 DEBUG PackageRelationshipCollection:307 - Parsing relationship: /xl/_rels/workbook.xml.rels
2025-12-25 19:49:23 DEBUG PackageRelationshipCollection:307 - Parsing relationship: /xl/worksheets/_rels/sheet1.xml.rels
2025-12-25 19:49:23 DEBUG PackageRelationshipCollection:307 - Parsing relationship: /_rels/.rels
2025-12-25 19:49:23 DEBUG POIXMLFactory:65 - using default POIXMLDocumentPart for http://schemas.openxmlformats.org/officeDocument/2006/relationships/printerSettings
2025-12-25 19:49:23 DEBUG PackageRelationshipCollection:307 - Parsing relationship: /xl/_rels/workbook.xml.rels
2025-12-25 19:49:23 DEBUG PackageRelationshipCollection:307 - Parsing relationship: /xl/worksheets/_rels/sheet1.xml.rels
2025-12-25 19:49:23 DEBUG PackageRelationshipCollection:307 - Parsing relationship: /_rels/.rels
2025-12-25 19:49:23 DEBUG POIXMLFactory:65 - using default POIXMLDocumentPart for http://schemas.openxmlformats.org/officeDocument/2006/relationships/printerSettings
2025-12-25 19:49:23 DEBUG PackageRelationshipCollection:307 - Parsing relationship: /xl/_rels/workbook.xml.rels
2025-12-25 19:49:23 DEBUG PackageRelationshipCollection:307 - Parsing relationship: /xl/worksheets/_rels/sheet1.xml.rels
2025-12-25 19:49:23 DEBUG PackageRelationshipCollection:307 - Parsing relationship: /_rels/.rels
2025-12-25 19:49:23 DEBUG POIXMLFactory:65 - using default POIXMLDocumentPart for http://schemas.openxmlformats.org/officeDocument/2006/relationships/printerSettings
2025-12-25 19:49:23 DEBUG PackageRelationshipCollection:307 - Parsing relationship: /xl/_rels/workbook.xml.rels
2025-12-25 19:49:23 DEBUG PackageRelationshipCollection:307 - Parsing relationship: /xl/worksheets/_rels/sheet1.xml.rels
2025-12-25 19:49:23 DEBUG PackageRelationshipCollection:307 - Parsing relationship: /_rels/.rels
2025-12-25 19:49:23 DEBUG POIXMLFactory:65 - using default POIXMLDocumentPart for http://schemas.openxmlformats.org/officeDocument/2006/relationships/printerSettings
2025-12-25 19:49:24 DEBUG PackageRelationshipCollection:307 - Parsing relationship: /xl/_rels/workbook.xml.rels
2025-12-25 19:49:24 DEBUG PackageRelationshipCollection:307 - Parsing relationship: /xl/worksheets/_rels/sheet1.xml.rels
2025-12-25 19:49:24 DEBUG PackageRelationshipCollection:307 - Parsing relationship: /_rels/.rels
2025-12-25 19:49:24 DEBUG POIXMLFactory:65 - using default POIXMLDocumentPart for http://schemas.openxmlformats.org/officeDocument/2006/relationships/printerSettings
2025-12-25 19:49:24 DEBUG PackageRelationshipCollection:307 - Parsing relationship: /xl/_rels/workbook.xml.rels
2025-12-25 19:49:24 DEBUG PackageRelationshipCollection:307 - Parsing relationship: /xl/worksheets/_rels/sheet1.xml.rels
2025-12-25 19:49:24 DEBUG PackageRelationshipCollection:307 - Parsing relationship: /_rels/.rels
2025-12-25 19:49:24 DEBUG POIXMLFactory:65 - using default POIXMLDocumentPart for http://schemas.openxmlformats.org/officeDocument/2006/relationships/printerSettings
2025-12-25 19:49:24 DEBUG PackageRelationshipCollection:307 - Parsing relationship: /xl/_rels/workbook.xml.rels
2025-12-25 19:49:24 DEBUG PackageRelationshipCollection:307 - Parsing relationship: /xl/worksheets/_rels/sheet1.xml.rels
2025-12-25 19:49:24 DEBUG PackageRelationshipCollection:307 - Parsing relationship: /_rels/.rels
2025-12-25 19:49:24 DEBUG POIXMLFactory:65 - using default POIXMLDocumentPart for http://schemas.openxmlformats.org/officeDocument/2006/relationships/printerSettings
2025-12-25 19:49:24 DEBUG PackageRelationshipCollection:307 - Parsing relationship: /xl/_rels/workbook.xml.rels
2025-12-25 19:49:24 DEBUG PackageRelationshipCollection:307 - Parsing relationship: /xl/worksheets/_rels/sheet1.xml.rels
2025-12-25 19:49:24 DEBUG PackageRelationshipCollection:307 - Parsing relationship: /_rels/.rels
2025-12-25 19:49:24 DEBUG POIXMLFactory:65 - using default POIXMLDocumentPart for http://schemas.openxmlformats.org/officeDocument/2006/relationships/printerSettings
2025-12-25 19:49:24 DEBUG PackageRelationshipCollection:307 - Parsing relationship: /xl/_rels/workbook.xml.rels
2025-12-25 19:49:24 DEBUG PackageRelationshipCollection:307 - Parsing relationship: /xl/worksheets/_rels/sheet1.xml.rels
2025-12-25 19:49:24 DEBUG PackageRelationshipCollection:307 - Parsing relationship: /_rels/.rels
2025-12-25 19:49:24 DEBUG POIXMLFactory:65 - using default POIXMLDocumentPart for http://schemas.openxmlformats.org/officeDocument/2006/relationships/printerSettings
2025-12-25 19:49:24 DEBUG PackageRelationshipCollection:307 - Parsing relationship: /xl/_rels/workbook.xml.rels
2025-12-25 19:49:24 DEBUG PackageRelationshipCollection:307 - Parsing relationship: /xl/worksheets/_rels/sheet1.xml.rels
2025-12-25 19:49:24 DEBUG PackageRelationshipCollection:307 - Parsing relationship: /_rels/.rels
2025-12-25 19:49:24 DEBUG POIXMLFactory:65 - using default POIXMLDocumentPart for http://schemas.openxmlformats.org/officeDocument/2006/relationships/printerSettings
2025-12-25 19:49:24 INFO  TC003_LoginDDT:17 - **** Started TC003_LoginDDT **** 
2025-12-25 19:49:34 INFO  TC003_LoginDDT:17 - **** Started TC003_LoginDDT **** 
2025-12-25 19:49:45 INFO  TC003_LoginDDT:17 - **** Started TC003_LoginDDT **** 
2025-12-25 19:49:55 INFO  TC003_LoginDDT:17 - **** Started TC003_LoginDDT **** 
2025-12-25 19:50:05 INFO  TC003_LoginDDT:17 - **** Started TC003_LoginDDT **** 
